<?xml version="1.0" encoding="UTF-8"?>
<testsuite xmlns:xsi="http://www.w3.org/2001/XMLSchema-instance" xsi:noNamespaceSchemaLocation="https://maven.apache.org/surefire/maven-surefire-plugin/xsd/surefire-test-report.xsd" version="3.0.2" name="com.example.whatsapp_bot.WhatsappBotApplicationTests" time="3.492" tests="1" errors="0" skipped="0" failures="0" flakes="0">
  <properties>
[...]
</properties>
  <testcase name="contextLoads" classname="com.example.whatsapp_bot.WhatsappBotApplicationTests" time="0.95">
    <system-out><![CDATA[17:40:17.342 [main] INFO org.springframework.test.context.support.AnnotationConfigContextLoaderUtils -- Could not detect default configuration classes for test class [com.example.whatsapp_bot.WhatsappBotApplicationTests]: WhatsappBotApplicationTests does not declare any static, non-private, non-final, nested classes annotated with @Configuration.
17:40:17.457 [main] INFO org.springframework.boot.test.context.SpringBootTestContextBootstrapper -- Found @SpringBootConfiguration com.example.whatsapp_bot.WhatsappBotApplication for test class com.example.whatsapp_bot.WhatsappBotApplicationTests
17:40:17.615 [main] INFO org.springframework.test.context.support.AnnotationConfigContextLoaderUtils -- Could not detect default configuration classes for test class [com.example.whatsapp_bot.WhatsappBotApplicationTests]: WhatsappBotApplicationTests does not declare any static, non-private, non-final, nested classes annotated with @Configuration.
17:40:17.616 [main] INFO org.springframework.boot.test.context.SpringBootTestContextBootstrapper -- Found @SpringBootConfiguration com.example.whatsapp_bot.WhatsappBotApplication for test class com.example.whatsapp_bot.WhatsappBotApplicationTests

  .   ____          _            __ _ _
 /\\ / ___'_ __ _ _(_)_ __  __ _ \ \ \ \
( ( )\___ | '_ | '_| | '_ \/ _` | \ \ \ \
 \\/  ___)| |_)| | | | | || (_| |  ) ) ) )
  '  |____| .__|_| |_|_| |_\__, | / / / /
 =========|_|==============|___/=/_/_/_/

 :: Spring Boot ::                (v4.0.5)

2026-04-01T17:40:18.093+05:30  INFO 38692 --- [whatsapp-bot] [           main] c.e.w.WhatsappBotApplicationTests        : Starting WhatsappBotApplicationTests using Java 17.0.5 with PID 38692 (started by ASUS in C:\Users\ASUS\git\repository\java\whatsapp-bot)
2026-04-01T17:40:18.096+05:30  INFO 38692 --- [whatsapp-bot] [           main] c.e.w.WhatsappBotApplicationTests        : No active profile set, falling back to 1 default profile: "default"
2026-04-01T17:40:19.543+05:30  INFO 38692 --- [whatsapp-bot] [           main] c.e.w.WhatsappBotApplicationTests        : Started WhatsappBotApplicationTests in 1.846 seconds (process running for 3.259)
]]></system-out>
  </testcase>
</testsuite>